Arguments: 
  /Users/ianschwartz/.nvm/versions/node/v12.14.1/bin/node /Users/ianschwartz/.yarn/bin/yarn.js start

PATH: 
  /Users/ianschwartz/.yarn/bin:/Users/ianschwartz/.config/yarn/global/node_modules/.bin:/Users/ianschwartz/.nvm/versions/node/v12.14.1/bin:/Library/Frameworks/Python.framework/Versions/3.8/bin:/usr/local/bin:/usr/bin:/bin:/usr/sbin:/sbin

Yarn version: 
  1.22.4

Node version: 
  12.14.1

Platform: 
  darwin x64

Trace: 
  SyntaxError: /Users/ianschwartz/static/package.json: Unexpected token } in JSON at position 189
      at JSON.parse (<anonymous>)
      at /Users/ianschwartz/.yarn/lib/cli.js:1625:59
      at Generator.next (<anonymous>)
      at step (/Users/ianschwartz/.yarn/lib/cli.js:310:30)
      at /Users/ianschwartz/.yarn/lib/cli.js:321:13

npm manifest: 
  {
    "name": "static",
    "version": "1.0.0",
    "main": "index.js",
    "license": "MIT",
    "dependencies": {
      "esm": "^3.2.25"
    },
    "scripts": {
      "start": "node -r esm index.js"
    },
  
  }

yarn manifest: 
  No manifest

Lockfile: 
  # THIS IS AN AUTOGENERATED FILE. DO NOT EDIT THIS FILE DIRECTLY.
  # yarn lockfile v1
  
  
  esm@^3.2.25:
    version "3.2.25"
    resolved "https://indigoag.jfrog.io/indigoag/api/npm/npm/esm/-/esm-3.2.25.tgz#342c18c29d56157688ba5ce31f8431fbb795cc10"
    integrity sha1-NCwYwp1WFXaIulzjH4Qx+7eVzBA=
